ISim log file
Running: C:\Users\Dell\Documents\dcd\flipflops\asyn_isim_beh.exe -intstyle ise -gui -tclbatch isim.cmd -wdb C:/Users/Dell/Documents/dcd/flipflops/asyn_isim_beh.wdb 
INFO: There is another simulation running in the same directory. Using database file name isim3.wdb.
ISim P.20131013 (signature 0x8ef4fb42)
This is a Full version of ISim.
Time resolution is 1 ps
# onerror resume
# wave add /
# run 1000 ns
Simulator is doing circuit initialization process.
Finished circuit initialization process.
# isim force add /asyn/clk 0 -radix bin -value 1 -radix bin -time 10 ns -repeat 20 ns
# isim force add /asyn/d 1 -radix bin
# isim force add /asyn/iload 0 -radix bin
# run 1.00us
# isim force add /asyn/clk 1 -radix bin -value 0 -radix bin -time 10 ns -repeat 20 ns
# run 1.00us
# isim force add /asyn/iload 1 -radix bin
# isim force add /asyn/iload 1 -radix bin
# isim force add /asyn/clk 0 -radix bin -value 1 -radix bin -time 10 ns -repeat 20 ns
# isim force add /asyn/clk 0 -radix bin -value 1 -radix bin -time 10 ns -repeat 20 ns
# run 1.00us
# isim force add /asyn/d 0 -radix bin
# run 1.00us
